# JRE version: Java(TM) SE Runtime Environment (17.0.10+11) (build 17.0.10+11-LTS-240)
# Java VM: Java HotSpot(TM) 64-Bit Server VM (17.0.10+11-LTS-240, mixed mode, emulated-client, sharing, tiered, compressed oops, compressed class ptrs, g1 gc, windows-amd64)
GC Precious Log:
 CPUs: 8 total, 8 available
 Memory: 8064M
 Large Page Support: Disabled
 NUMA Support: Disabled
 Compressed Oops: Enabled (32-bit)
 Heap Region Size: 1M
 Heap Min Capacity: 8M
 Heap Initial Capacity: 128M
 Heap Max Capacity: 2018M
 Pre-touch: Disabled
 Parallel Workers: 8
 Concurrent Workers: 2
 Concurrent Refinement Workers: 8
 Periodic GC: Disabled
Heap:
 garbage-first heap   total 51200K, used 31539K [0x0000000081e00000, 0x0000000100000000)
  region size 1024K, 15 young (15360K), 3 survivors (3072K)
 Metaspace       used 38124K, committed 38592K, reserved 1114112K
  class space    used 5502K, committed 5760K, reserved 1048576K
GC Heap History (16 events):
Event: 3.539 GC heap before
{Heap before GC invocations=0 (full 0):
 garbage-first heap   total 131072K, used 23552K [0x0000000081e00000, 0x0000000100000000)
  region size 1024K, 23 young (23552K), 0 survivors (0K)
 Metaspace       used 7157K, committed 7360K, reserved 1114112K
  class space    used 895K, committed 1024K, reserved 1048576K
}
Event: 3.678 GC heap after
{Heap after GC invocations=1 (full 0):
 garbage-first heap   total 131072K, used 7810K [0x0000000081e00000, 0x0000000100000000)
  region size 1024K, 3 young (3072K), 3 survivors (3072K)
 Metaspace       used 7157K, committed 7360K, reserved 1114112K
  class space    used 895K, committed 1024K, reserved 1048576K
}
Event: 5.920 GC heap before
{Heap before GC invocations=1 (full 0):
 garbage-first heap   total 131072K, used 30338K [0x0000000081e00000, 0x0000000100000000)
  region size 1024K, 26 young (26624K), 3 survivors (3072K)
 Metaspace       used 12154K, committed 12416K, reserved 1114112K
  class space    used 1664K, committed 1792K, reserved 1048576K
}
Event: 5.924 GC heap after
{Heap after GC invocations=2 (full 0):
 garbage-first heap   total 131072K, used 9685K [0x0000000081e00000, 0x0000000100000000)
  region size 1024K, 2 young (2048K), 2 survivors (2048K)
 Metaspace       used 12154K, committed 12416K, reserved 1114112K
  class space    used 1664K, committed 1792K, reserved 1048576K
}
Event: 7.464 GC heap before
{Heap before GC invocations=2 (full 0):
 garbage-first heap   total 131072K, used 54741K [0x0000000081e00000, 0x0000000100000000)
  region size 1024K, 48 young (49152K), 2 survivors (2048K)
 Metaspace       used 21211K, committed 21504K, reserved 1114112K
  class space    used 2906K, committed 3008K, reserved 1048576K
}
Event: 7.470 GC heap after
{Heap after GC invocations=3 (full 0):
 garbage-first heap   total 131072K, used 13031K [0x0000000081e00000, 0x0000000100000000)
  region size 1024K, 5 young (5120K), 5 survivors (5120K)
 Metaspace       used 21211K, committed 21504K, reserved 1114112K
  class space    used 2906K, committed 3008K, reserved 1048576K
}
Event: 8.438 GC heap before
{Heap before GC invocations=4 (full 0):
 garbage-first heap   total 51200K, used 38631K [0x0000000081e00000, 0x0000000100000000)
  region size 1024K, 30 young (30720K), 5 survivors (5120K)
 Metaspace       used 23308K, committed 23680K, reserved 1114112K
  class space    used 3227K, committed 3392K, reserved 1048576K
}
Event: 8.445 GC heap after
{Heap after GC invocations=5 (full 0):
 garbage-first heap   total 51200K, used 14756K [0x0000000081e00000, 0x0000000100000000)
  region size 1024K, 3 young (3072K), 3 survivors (3072K)
 Metaspace       used 23308K, committed 23680K, reserved 1114112K
  class space    used 3227K, committed 3392K, reserved 1048576K
}
Event: 10.146 GC heap before
{Heap before GC invocations=5 (full 0):
 garbage-first heap   total 51200K, used 34212K [0x0000000081e00000, 0x0000000100000000)
  region size 1024K, 22 young (22528K), 3 survivors (3072K)
 Metaspace       used 25951K, committed 26368K, reserved 1114112K
  class space    used 3646K, committed 3840K, reserved 1048576K
}
Event: 10.153 GC heap after
{Heap after GC invocations=6 (full 0):
 garbage-first heap   total 51200K, used 16200K [0x0000000081e00000, 0x0000000100000000)
  region size 1024K, 2 young (2048K), 2 survivors (2048K)
 Metaspace       used 25951K, committed 26368K, reserved 1114112K
  class space    used 3646K, committed 3840K, reserved 1048576K
}
Event: 12.226 GC heap before
{Heap before GC invocations=6 (full 0):
 garbage-first heap   total 51200K, used 34632K [0x0000000081e00000, 0x0000000100000000)
  region size 1024K, 21 young (21504K), 2 survivors (2048K)
 Metaspace       used 28699K, committed 29056K, reserved 1114112K
  class space    used 4104K, committed 4288K, reserved 1048576K
}
Event: 12.231 GC heap after
{Heap after GC invocations=7 (full 0):
 garbage-first heap   total 51200K, used 18120K [0x0000000081e00000, 0x0000000100000000)
  region size 1024K, 3 young (3072K), 3 survivors (3072K)
 Metaspace       used 28699K, committed 29056K, reserved 1114112K
  class space    used 4104K, committed 4288K, reserved 1048576K
}
Event: 13.359 GC heap before
{Heap before GC invocations=7 (full 0):
 garbage-first heap   total 51200K, used 37576K [0x0000000081e00000, 0x0000000100000000)
  region size 1024K, 22 young (22528K), 3 survivors (3072K)
 Metaspace       used 31064K, committed 31488K, reserved 1114112K
  class space    used 4400K, committed 4608K, reserved 1048576K
}
Event: 13.364 GC heap after
{Heap after GC invocations=8 (full 0):
 garbage-first heap   total 51200K, used 19540K [0x0000000081e00000, 0x0000000100000000)
  region size 1024K, 2 young (2048K), 2 survivors (2048K)
 Metaspace       used 31064K, committed 31488K, reserved 1114112K
  class space    used 4400K, committed 4608K, reserved 1048576K
}
Event: 14.914 GC heap before
{Heap before GC invocations=8 (full 0):
 garbage-first heap   total 51200K, used 35924K [0x0000000081e00000, 0x0000000100000000)
  region size 1024K, 20 young (20480K), 2 survivors (2048K)
 Metaspace       used 35646K, committed 36096K, reserved 1114112K
  class space    used 5069K, committed 5312K, reserved 1048576K
}
Event: 14.918 GC heap after
{Heap after GC invocations=9 (full 0):
 garbage-first heap   total 51200K, used 20275K [0x0000000081e00000, 0x0000000100000000)
  region size 1024K, 3 young (3072K), 3 survivors (3072K)
 Metaspace       used 35646K, committed 36096K, reserved 1114112K
  class space    used 5069K, committed 5312K, reserved 1048576K
}

